android/app/build/intermediates/manifest_merge_blame_file/debug/manifest-merger-blame-debug-report.txt
1<?xml version="1.0" encoding="utf-8"?>
2<manifest xmlns:android="http://schemas.android.com/apk/res/android"
3    package="com.twiliovoicereactnativereferenceapp"
4    android:versionCode="1"
5    android:versionName="1.0" >
6
7    <uses-sdk
8        android:minSdkVersion="21"
9        android:targetSdkVersion="33" />
10
11    <uses-permission android:name="android.permission.SYSTEM_ALERT_WINDOW" />
11-->src/debug/AndroidManifest.xml:5:5-77
11-->src/debug/AndroidManifest.xml:5:22-75
12    <uses-permission android:name="android.permission.INTERNET" />
12-->src/main/AndroidManifest.xml:4:5-67
12-->src/main/AndroidManifest.xml:4:22-64
13    <uses-permission android:name="android.permission.USE_FULL_SCREEN_INTENT" />
13-->src/main/AndroidManifest.xml:5:5-81
13-->src/main/AndroidManifest.xml:5:22-78
14    <uses-permission android:name="android.permission.FOREGROUND_SERVICE" />
14-->src/main/AndroidManifest.xml:6:5-77
14-->src/main/AndroidManifest.xml:6:22-74
15    <uses-permission android:name="android.permission.WAKE_LOCK" />
15-->src/main/AndroidManifest.xml:7:5-68
15-->src/main/AndroidManifest.xml:7:22-65
16    <uses-permission android:name="android.permission.ACCESS_WIFI_STATE" />
16-->[com.facebook.flipper:flipper:0.125.0] AndroidManifest.xml:16:5-76
16-->[com.facebook.flipper:flipper:0.125.0] AndroidManifest.xml:16:22-73
17    <uses-permission android:name="android.permission.DISABLE_KEYGUARD" />
17-->[:twilio_voice-react-native-sdk] AndroidManifest.xml:7:5-75
17-->[:twilio_voice-react-native-sdk] AndroidManifest.xml:7:22-72
18
19    <queries>
19-->[:react-native-auth0] AndroidManifest.xml:12:5-20:15
20        <intent>
20-->[:react-native-auth0] AndroidManifest.xml:13:9-19:18
21            <action android:name="android.intent.action.VIEW" />
21-->[:react-native-auth0] AndroidManifest.xml:14:13-65
21-->[:react-native-auth0] AndroidManifest.xml:14:21-62
22
23            <category android:name="android.intent.category.BROWSABLE" />
23-->[:react-native-auth0] AndroidManifest.xml:16:13-74
23-->[:react-native-auth0] AndroidManifest.xml:16:23-71
24
25            <data android:scheme="https" />
25-->[:react-native-auth0] AndroidManifest.xml:18:13-44
25-->[:react-native-auth0] AndroidManifest.xml:18:19-41
26        </intent>
27    </queries> <!-- Create a unique permission for your app and use it so only your app can receive your OneSignal messages. -->
28    <permission
28-->[com.onesignal:OneSignal:4.8.6] AndroidManifest.xml:7:5-9:47
29        android:name="com.twiliovoicereactnativereferenceapp.permission.C2D_MESSAGE"
29-->[com.onesignal:OneSignal:4.8.6] AndroidManifest.xml:8:9-63
30        android:protectionLevel="signature" />
30-->[com.onesignal:OneSignal:4.8.6] AndroidManifest.xml:9:9-44
31
32    <uses-permission android:name="com.twiliovoicereactnativereferenceapp.permission.C2D_MESSAGE" /> <!-- OneSignal SDK has runtime checks Android version. -->
32-->[com.onesignal:OneSignal:4.8.6] AndroidManifest.xml:11:5-79
32-->[com.onesignal:OneSignal:4.8.6] AndroidManifest.xml:11:22-76
33    <!-- <uses-sdk tools:overrideLibrary="android.support.customtabs"/> -->
34    <!-- Required runtime permission to display notifications on Android 13 -->
35    <uses-permission android:name="android.permission.POST_NOTIFICATIONS" /> <!-- c2dm RECEIVE are basic requirements for push messages through Google's FCM -->
35-->[com.onesignal:OneSignal:4.8.6] AndroidManifest.xml:16:5-77
35-->[com.onesignal:OneSignal:4.8.6] AndroidManifest.xml:16:22-74
36    <uses-permission android:name="com.google.android.c2dm.permission.RECEIVE" />
36-->[com.onesignal:OneSignal:4.8.6] AndroidManifest.xml:18:5-82
36-->[com.onesignal:OneSignal:4.8.6] AndroidManifest.xml:18:22-79
37    <!--
38 Required so the device vibrates on receiving a push notification.
39         Vibration settings of the device still apply.
40    -->
41    <uses-permission android:name="android.permission.VIBRATE" />
41-->[com.onesignal:OneSignal:4.8.6] AndroidManifest.xml:24:5-66
41-->[com.onesignal:OneSignal:4.8.6] AndroidManifest.xml:24:22-63
42    <uses-permission android:name="android.permission.ACCESS_NETWORK_STATE" />
42-->[com.onesignal:OneSignal:4.8.6] AndroidManifest.xml:25:5-79
42-->[com.onesignal:OneSignal:4.8.6] AndroidManifest.xml:25:22-76
43    <!--
44 Use to restore notifications the user hasn't interacted with.
45         They could be missed notifications if the user reboots their device if this isn't in place.
46    -->
47    <uses-permission android:name="android.permission.RECEIVE_BOOT_COMPLETED" /> <!-- START: ShortcutBadger -->
47-->[com.onesignal:OneSignal:4.8.6] AndroidManifest.xml:30:5-81
47-->[com.onesignal:OneSignal:4.8.6] AndroidManifest.xml:30:22-78
48    <!-- Samsung -->
49    <uses-permission android:name="com.sec.android.provider.badge.permission.READ" />
49-->[com.onesignal:OneSignal:4.8.6] AndroidManifest.xml:32:5-86
49-->[com.onesignal:OneSignal:4.8.6] AndroidManifest.xml:32:22-83
50    <uses-permission android:name="com.sec.android.provider.badge.permission.WRITE" /> <!-- HTC -->
50-->[com.onesignal:OneSignal:4.8.6] AndroidManifest.xml:33:5-87
50-->[com.onesignal:OneSignal:4.8.6] AndroidManifest.xml:33:22-84
51    <uses-permission android:name="com.htc.launcher.permission.READ_SETTINGS" />
51-->[com.onesignal:OneSignal:4.8.6] AndroidManifest.xml:34:5-81
51-->[com.onesignal:OneSignal:4.8.6] AndroidManifest.xml:34:22-78
52    <uses-permission android:name="com.htc.launcher.permission.UPDATE_SHORTCUT" /> <!-- Sony -->
52-->[com.onesignal:OneSignal:4.8.6] AndroidManifest.xml:35:5-83
52-->[com.onesignal:OneSignal:4.8.6] AndroidManifest.xml:35:22-80
53    <uses-permission android:name="com.sonyericsson.home.permission.BROADCAST_BADGE" />
53-->[com.onesignal:OneSignal:4.8.6] AndroidManifest.xml:36:5-88
53-->[com.onesignal:OneSignal:4.8.6] AndroidManifest.xml:36:22-85
54    <uses-permission android:name="com.sonymobile.home.permission.PROVIDER_INSERT_BADGE" /> <!-- Apex -->
54-->[com.onesignal:OneSignal:4.8.6] AndroidManifest.xml:37:5-92
54-->[com.onesignal:OneSignal:4.8.6] AndroidManifest.xml:37:22-89
55    <uses-permission android:name="com.anddoes.launcher.permission.UPDATE_COUNT" /> <!-- Solid -->
55-->[com.onesignal:OneSignal:4.8.6] AndroidManifest.xml:38:5-84
55-->[com.onesignal:OneSignal:4.8.6] AndroidManifest.xml:38:22-81
56    <uses-permission android:name="com.majeur.launcher.permission.UPDATE_BADGE" /> <!-- Huawei -->
56-->[com.onesignal:OneSignal:4.8.6] AndroidManifest.xml:39:5-83
56-->[com.onesignal:OneSignal:4.8.6] AndroidManifest.xml:39:22-80
57    <uses-permission android:name="com.huawei.android.launcher.permission.CHANGE_BADGE" />
57-->[com.onesignal:OneSignal:4.8.6] AndroidManifest.xml:40:5-91
57-->[com.onesignal:OneSignal:4.8.6] AndroidManifest.xml:40:22-88
58    <uses-permission android:name="com.huawei.android.launcher.permission.READ_SETTINGS" />
58-->[com.onesignal:OneSignal:4.8.6] AndroidManifest.xml:41:5-92
58-->[com.onesignal:OneSignal:4.8.6] AndroidManifest.xml:41:22-89
59    <uses-permission android:name="com.huawei.android.launcher.permission.WRITE_SETTINGS" /> <!-- ZUK -->
59-->[com.onesignal:OneSignal:4.8.6] AndroidManifest.xml:42:5-93
59-->[com.onesignal:OneSignal:4.8.6] AndroidManifest.xml:42:22-90
60    <uses-permission android:name="android.permission.READ_APP_BADGE" /> <!-- OPPO -->
60-->[com.onesignal:OneSignal:4.8.6] AndroidManifest.xml:43:5-73
60-->[com.onesignal:OneSignal:4.8.6] AndroidManifest.xml:43:22-70
61    <uses-permission android:name="com.oppo.launcher.permission.READ_SETTINGS" />
61-->[com.onesignal:OneSignal:4.8.6] AndroidManifest.xml:44:5-82
61-->[com.onesignal:OneSignal:4.8.6] AndroidManifest.xml:44:22-79
62    <uses-permission android:name="com.oppo.launcher.permission.WRITE_SETTINGS" /> <!-- EvMe -->
62-->[com.onesignal:OneSignal:4.8.6] AndroidManifest.xml:45:5-83
62-->[com.onesignal:OneSignal:4.8.6] AndroidManifest.xml:45:22-80
63    <uses-permission android:name="me.everything.badger.permission.BADGE_COUNT_READ" />
63-->[com.onesignal:OneSignal:4.8.6] AndroidManifest.xml:46:5-88
63-->[com.onesignal:OneSignal:4.8.6] AndroidManifest.xml:46:22-85
64    <uses-permission android:name="me.everything.badger.permission.BADGE_COUNT_WRITE" />
64-->[com.onesignal:OneSignal:4.8.6] AndroidManifest.xml:47:5-89
64-->[com.onesignal:OneSignal:4.8.6] AndroidManifest.xml:47:22-86
65    <uses-permission android:name="android.permission.RECORD_AUDIO" />
65-->[com.twilio:voice-android:6.1.3] AndroidManifest.xml:10:5-71
65-->[com.twilio:voice-android:6.1.3] AndroidManifest.xml:10:22-68
66    <uses-permission android:name="android.permission.MODIFY_AUDIO_SETTINGS" />
66-->[com.twilio:voice-android:6.1.3] AndroidManifest.xml:11:5-80
66-->[com.twilio:voice-android:6.1.3] AndroidManifest.xml:11:22-77
67    <uses-permission
67-->[com.twilio:audioswitch:1.1.7] AndroidManifest.xml:9:5-11:38
68        android:name="android.permission.BLUETOOTH"
68-->[com.twilio:audioswitch:1.1.7] AndroidManifest.xml:10:9-52
69        android:maxSdkVersion="30" />
69-->[com.twilio:audioswitch:1.1.7] AndroidManifest.xml:11:9-35
70    <uses-permission android:name="android.permission.BLUETOOTH_CONNECT" />
70-->[com.twilio:audioswitch:1.1.7] AndroidManifest.xml:12:5-76
70-->[com.twilio:audioswitch:1.1.7] AndroidManifest.xml:12:22-73
71
72    <application
72-->src/main/AndroidManifest.xml:9:5-57:19
73        android:name="com.twiliovoicereactnativereferenceapp.MainApplication"
73-->src/main/AndroidManifest.xml:10:7-38
74        android:allowBackup="false"
74-->src/main/AndroidManifest.xml:14:7-34
75        android:appComponentFactory="androidx.core.app.CoreComponentFactory"
75-->[androidx.core:core:1.7.0] AndroidManifest.xml:24:18-86
76        android:debuggable="true"
77        android:icon="@mipmap/ic_launcher"
77-->src/main/AndroidManifest.xml:12:7-41
78        android:label="@string/app_name"
78-->src/main/AndroidManifest.xml:11:7-39
79        android:networkSecurityConfig="@xml/network_security_config"
79-->src/main/AndroidManifest.xml:16:7-67
80        android:roundIcon="@mipmap/ic_launcher_round"
80-->src/main/AndroidManifest.xml:13:7-52
81        android:theme="@style/AppTheme"
81-->src/main/AndroidManifest.xml:15:7-38
82        android:usesCleartextTraffic="true" >
82-->src/debug/AndroidManifest.xml:8:9-44
83        <activity
83-->src/debug/AndroidManifest.xml:11:9-111
84            android:name="com.facebook.react.devsupport.DevSettingsActivity"
84-->src/debug/AndroidManifest.xml:11:19-83
85            android:exported="false" />
85-->src/debug/AndroidManifest.xml:11:84-108
86        <activity
86-->src/main/AndroidManifest.xml:17:7-28:18
87            android:name="com.twiliovoicereactnativereferenceapp.MainActivity"
87-->src/main/AndroidManifest.xml:18:9-37
88            android:configChanges="keyboard|keyboardHidden|orientation|screenLayout|screenSize|smallestScreenSize|uiMode"
88-->src/main/AndroidManifest.xml:20:9-118
89            android:exported="true"
89-->src/main/AndroidManifest.xml:23:9-32
90            android:label="@string/app_name"
90-->src/main/AndroidManifest.xml:19:9-41
91            android:launchMode="singleTask"
91-->src/main/AndroidManifest.xml:21:9-40
92            android:windowSoftInputMode="adjustPan" >
92-->src/main/AndroidManifest.xml:22:9-48
93            <intent-filter>
93-->src/main/AndroidManifest.xml:24:9-27:25
94                <action android:name="android.intent.action.MAIN" />
94-->src/main/AndroidManifest.xml:25:13-65
94-->src/main/AndroidManifest.xml:25:21-62
95
96                <category android:name="android.intent.category.LAUNCHER" />
96-->src/main/AndroidManifest.xml:26:13-73
96-->src/main/AndroidManifest.xml:26:23-70
97            </intent-filter>
98        </activity> <!-- Twilio Voice -->
99        <!-- [START fcm_listener] -->
100        <service
100-->src/main/AndroidManifest.xml:31:7-38:17
101            android:name="com.twiliovoicereactnative.VoiceFirebaseMessagingService"
101-->src/main/AndroidManifest.xml:32:9-80
102            android:exported="true"
102-->src/main/AndroidManifest.xml:34:9-32
103            android:stopWithTask="false" >
103-->src/main/AndroidManifest.xml:33:9-37
104            <intent-filter>
104-->src/main/AndroidManifest.xml:35:9-37:25
105                <action android:name="com.google.firebase.MESSAGING_EVENT" />
105-->src/main/AndroidManifest.xml:36:11-72
105-->src/main/AndroidManifest.xml:36:19-69
106            </intent-filter>
107        </service>
108        <service
108-->src/main/AndroidManifest.xml:39:7-47:17
109            android:name="com.twiliovoicereactnative.IncomingCallNotificationService"
109-->src/main/AndroidManifest.xml:41:9-82
110            android:enabled="true"
110-->src/main/AndroidManifest.xml:40:9-31
111            android:exported="true" >
111-->src/main/AndroidManifest.xml:42:9-32
112            <intent-filter>
112-->src/main/AndroidManifest.xml:43:9-46:25
113                <action android:name="ACTION_ACCEPT" />
113-->src/main/AndroidManifest.xml:44:11-50
113-->src/main/AndroidManifest.xml:44:19-47
114                <action android:name="ACTION_REJECT" />
114-->src/main/AndroidManifest.xml:45:11-50
114-->src/main/AndroidManifest.xml:45:19-47
115            </intent-filter>
116        </service>
117
118        <activity
118-->src/main/AndroidManifest.xml:48:7-56:35
119            android:name="com.twiliovoicereactnative.NotificationProxyActivity"
119-->src/main/AndroidManifest.xml:49:9-76
120            android:excludeFromRecents="true"
120-->src/main/AndroidManifest.xml:52:9-42
121            android:exported="true"
121-->src/main/AndroidManifest.xml:56:9-32
122            android:launchMode="singleTask"
122-->src/main/AndroidManifest.xml:54:9-40
123            android:noHistory="true"
123-->src/main/AndroidManifest.xml:51:9-33
124            android:parentActivityName="com.twiliovoicereactnativereferenceapp.MainActivity"
124-->src/main/AndroidManifest.xml:50:9-51
125            android:taskAffinity=""
125-->src/main/AndroidManifest.xml:53:9-32
126            android:theme="@android:style/Theme.Translucent.NoTitleBar" />
126-->src/main/AndroidManifest.xml:55:9-68
127        <activity
127-->[:react-native-auth0] AndroidManifest.xml:23:9-28:75
128            android:name="com.auth0.react.AuthenticationActivity"
128-->[:react-native-auth0] AndroidManifest.xml:24:13-66
129            android:configChanges="screenSize|smallestScreenSize|screenLayout|orientation|keyboard|keyboardHidden"
129-->[:react-native-auth0] AndroidManifest.xml:25:13-115
130            android:exported="false"
130-->[:react-native-auth0] AndroidManifest.xml:26:13-37
131            android:launchMode="singleTask"
131-->[:react-native-auth0] AndroidManifest.xml:27:13-44
132            android:theme="@android:style/Theme.Translucent.NoTitleBar" />
132-->[:react-native-auth0] AndroidManifest.xml:28:13-72
133        <activity
133-->[:react-native-auth0] AndroidManifest.xml:29:9-45:20
134            android:name="com.auth0.react.RedirectActivity"
134-->[:react-native-auth0] AndroidManifest.xml:30:13-60
135            android:exported="true" >
135-->[:react-native-auth0] AndroidManifest.xml:31:13-36
136            <intent-filter android:autoVerify="true" >
136-->[:react-native-auth0] AndroidManifest.xml:32:13-44:29
136-->[:react-native-auth0] AndroidManifest.xml:33:17-42
137                <action android:name="android.intent.action.VIEW" />
137-->[:react-native-auth0] AndroidManifest.xml:14:13-65
137-->[:react-native-auth0] AndroidManifest.xml:14:21-62
138
139                <category android:name="android.intent.category.DEFAULT" />
139-->[:react-native-auth0] AndroidManifest.xml:37:17-76
139-->[:react-native-auth0] AndroidManifest.xml:37:27-73
140                <category android:name="android.intent.category.BROWSABLE" />
140-->[:react-native-auth0] AndroidManifest.xml:16:13-74
140-->[:react-native-auth0] AndroidManifest.xml:16:23-71
141
142                <data
142-->[:react-native-auth0] AndroidManifest.xml:18:13-44
143                    android:host="dev-15bi2zuozhmiliwm.us.auth0.com"
144                    android:pathPrefix="/android/com.twiliovoicereactnativereferenceapp/callback"
145                    android:scheme="com.twiliovoicereactnativereferenceapp" />
145-->[:react-native-auth0] AndroidManifest.xml:18:19-41
146            </intent-filter>
147        </activity>
148
149        <receiver
149-->[com.onesignal:OneSignal:4.8.6] AndroidManifest.xml:50:9-61:20
150            android:name="com.onesignal.FCMBroadcastReceiver"
150-->[com.onesignal:OneSignal:4.8.6] AndroidManifest.xml:51:13-62
151            android:exported="true"
151-->[com.onesignal:OneSignal:4.8.6] AndroidManifest.xml:52:13-36
152            android:permission="com.google.android.c2dm.permission.SEND" >
152-->[com.onesignal:OneSignal:4.8.6] AndroidManifest.xml:53:13-73
153
154            <!-- High priority so OneSignal payloads can be filtered from other FCM receivers -->
155            <intent-filter android:priority="999" >
155-->[com.onesignal:OneSignal:4.8.6] AndroidManifest.xml:56:13-60:29
155-->[com.onesignal:OneSignal:4.8.6] AndroidManifest.xml:56:28-50
156                <action android:name="com.google.android.c2dm.intent.RECEIVE" />
156-->[com.onesignal:OneSignal:4.8.6] AndroidManifest.xml:57:17-81
156-->[com.onesignal:OneSignal:4.8.6] AndroidManifest.xml:57:25-78
157
158                <category android:name="com.twiliovoicereactnativereferenceapp" />
158-->[com.onesignal:OneSignal:4.8.6] AndroidManifest.xml:59:17-61
158-->[com.onesignal:OneSignal:4.8.6] AndroidManifest.xml:59:27-58
159            </intent-filter>
160        </receiver>
161
162        <service
162-->[com.onesignal:OneSignal:4.8.6] AndroidManifest.xml:63:9-69:19
163            android:name="com.onesignal.HmsMessageServiceOneSignal"
163-->[com.onesignal:OneSignal:4.8.6] AndroidManifest.xml:64:13-68
164            android:exported="false" >
164-->[com.onesignal:OneSignal:4.8.6] AndroidManifest.xml:65:13-37
165            <intent-filter>
165-->[com.onesignal:OneSignal:4.8.6] AndroidManifest.xml:66:13-68:29
166                <action android:name="com.huawei.push.action.MESSAGING_EVENT" />
166-->[com.onesignal:OneSignal:4.8.6] AndroidManifest.xml:67:17-81
166-->[com.onesignal:OneSignal:4.8.6] AndroidManifest.xml:67:25-78
167            </intent-filter>
168        </service>
169
170        <activity
170-->[com.onesignal:OneSignal:4.8.6] AndroidManifest.xml:71:9-79:20
171            android:name="com.onesignal.NotificationOpenedActivityHMS"
171-->[com.onesignal:OneSignal:4.8.6] AndroidManifest.xml:72:13-71
172            android:exported="true"
172-->[com.onesignal:OneSignal:4.8.6] AndroidManifest.xml:73:13-36
173            android:noHistory="true"
173-->[com.onesignal:OneSignal:4.8.6] AndroidManifest.xml:74:13-37
174            android:theme="@android:style/Theme.Translucent.NoTitleBar" >
174-->[com.onesignal:OneSignal:4.8.6] AndroidManifest.xml:75:13-72
175            <intent-filter>
175-->[com.onesignal:OneSignal:4.8.6] AndroidManifest.xml:76:13-78:29
176                <action android:name="android.intent.action.VIEW" />
176-->[:react-native-auth0] AndroidManifest.xml:14:13-65
176-->[:react-native-auth0] AndroidManifest.xml:14:21-62
177            </intent-filter>
178        </activity>
179
180        <service
180-->[com.onesignal:OneSignal:4.8.6] AndroidManifest.xml:81:9-83:40
181            android:name="com.onesignal.FCMIntentService"
181-->[com.onesignal:OneSignal:4.8.6] AndroidManifest.xml:82:13-58
182            android:exported="false" />
182-->[com.onesignal:OneSignal:4.8.6] AndroidManifest.xml:83:13-37
183        <service
183-->[com.onesignal:OneSignal:4.8.6] AndroidManifest.xml:84:9-87:72
184            android:name="com.onesignal.FCMIntentJobService"
184-->[com.onesignal:OneSignal:4.8.6] AndroidManifest.xml:85:13-61
185            android:exported="false"
185-->[com.onesignal:OneSignal:4.8.6] AndroidManifest.xml:86:13-37
186            android:permission="android.permission.BIND_JOB_SERVICE" />
186-->[com.onesignal:OneSignal:4.8.6] AndroidManifest.xml:87:13-69
187        <service
187-->[com.onesignal:OneSignal:4.8.6] AndroidManifest.xml:88:9-91:43
188            android:name="com.onesignal.SyncService"
188-->[com.onesignal:OneSignal:4.8.6] AndroidManifest.xml:89:13-53
189            android:exported="false"
189-->[com.onesignal:OneSignal:4.8.6] AndroidManifest.xml:90:13-37
190            android:stopWithTask="true" />
190-->[com.onesignal:OneSignal:4.8.6] AndroidManifest.xml:91:13-40
191        <service
191-->[com.onesignal:OneSignal:4.8.6] AndroidManifest.xml:92:9-95:72
192            android:name="com.onesignal.SyncJobService"
192-->[com.onesignal:OneSignal:4.8.6] AndroidManifest.xml:93:13-56
193            android:exported="false"
193-->[com.onesignal:OneSignal:4.8.6] AndroidManifest.xml:94:13-37
194            android:permission="android.permission.BIND_JOB_SERVICE" />
194-->[com.onesignal:OneSignal:4.8.6] AndroidManifest.xml:95:13-69
195
196        <activity
196-->[com.onesignal:OneSignal:4.8.6] AndroidManifest.xml:97:9-100:75
197            android:name="com.onesignal.PermissionsActivity"
197-->[com.onesignal:OneSignal:4.8.6] AndroidManifest.xml:98:13-61
198            android:exported="false"
198-->[com.onesignal:OneSignal:4.8.6] AndroidManifest.xml:99:13-37
199            android:theme="@android:style/Theme.Translucent.NoTitleBar" />
199-->[com.onesignal:OneSignal:4.8.6] AndroidManifest.xml:100:13-72
200
201        <receiver
201-->[com.onesignal:OneSignal:4.8.6] AndroidManifest.xml:102:9-104:39
202            android:name="com.onesignal.NotificationDismissReceiver"
202-->[com.onesignal:OneSignal:4.8.6] AndroidManifest.xml:103:13-69
203            android:exported="true" />
203-->[com.onesignal:OneSignal:4.8.6] AndroidManifest.xml:104:13-36
204        <receiver
204-->[com.onesignal:OneSignal:4.8.6] AndroidManifest.xml:105:9-112:20
205            android:name="com.onesignal.BootUpReceiver"
205-->[com.onesignal:OneSignal:4.8.6] AndroidManifest.xml:106:13-56
206            android:exported="true" >
206-->[com.onesignal:OneSignal:4.8.6] AndroidManifest.xml:107:13-36
207            <intent-filter>
207-->[com.onesignal:OneSignal:4.8.6] AndroidManifest.xml:108:13-111:29
208                <action android:name="android.intent.action.BOOT_COMPLETED" />
208-->[com.onesignal:OneSignal:4.8.6] AndroidManifest.xml:109:17-79
208-->[com.onesignal:OneSignal:4.8.6] AndroidManifest.xml:109:25-76
209                <action android:name="android.intent.action.QUICKBOOT_POWERON" />
209-->[com.onesignal:OneSignal:4.8.6] AndroidManifest.xml:110:17-82
209-->[com.onesignal:OneSignal:4.8.6] AndroidManifest.xml:110:25-79
210            </intent-filter>
211        </receiver>
212        <receiver
212-->[com.onesignal:OneSignal:4.8.6] AndroidManifest.xml:113:9-119:20
213            android:name="com.onesignal.UpgradeReceiver"
213-->[com.onesignal:OneSignal:4.8.6] AndroidManifest.xml:114:13-57
214            android:exported="true" >
214-->[com.onesignal:OneSignal:4.8.6] AndroidManifest.xml:115:13-36
215            <intent-filter>
215-->[com.onesignal:OneSignal:4.8.6] AndroidManifest.xml:116:13-118:29
216                <action android:name="android.intent.action.MY_PACKAGE_REPLACED" />
216-->[com.onesignal:OneSignal:4.8.6] AndroidManifest.xml:117:17-84
216-->[com.onesignal:OneSignal:4.8.6] AndroidManifest.xml:117:25-81
217            </intent-filter>
218        </receiver>
219
220        <activity
220-->[com.onesignal:OneSignal:4.8.6] AndroidManifest.xml:121:9-127:75
221            android:name="com.onesignal.NotificationOpenedReceiver"
221-->[com.onesignal:OneSignal:4.8.6] AndroidManifest.xml:122:13-68
222            android:excludeFromRecents="true"
222-->[com.onesignal:OneSignal:4.8.6] AndroidManifest.xml:123:13-46
223            android:exported="true"
223-->[com.onesignal:OneSignal:4.8.6] AndroidManifest.xml:124:13-36
224            android:noHistory="true"
224-->[com.onesignal:OneSignal:4.8.6] AndroidManifest.xml:125:13-37
225            android:taskAffinity=""
225-->[com.onesignal:OneSignal:4.8.6] AndroidManifest.xml:126:13-36
226            android:theme="@android:style/Theme.Translucent.NoTitleBar" />
226-->[com.onesignal:OneSignal:4.8.6] AndroidManifest.xml:127:13-72
227        <activity
227-->[com.onesignal:OneSignal:4.8.6] AndroidManifest.xml:128:9-133:75
228            android:name="com.onesignal.NotificationOpenedReceiverAndroid22AndOlder"
228-->[com.onesignal:OneSignal:4.8.6] AndroidManifest.xml:129:13-85
229            android:excludeFromRecents="true"
229-->[com.onesignal:OneSignal:4.8.6] AndroidManifest.xml:130:13-46
230            android:exported="true"
230-->[com.onesignal:OneSignal:4.8.6] AndroidManifest.xml:131:13-36
231            android:noHistory="true"
231-->[com.onesignal:OneSignal:4.8.6] AndroidManifest.xml:132:13-37
232            android:theme="@android:style/Theme.Translucent.NoTitleBar" />
232-->[com.onesignal:OneSignal:4.8.6] AndroidManifest.xml:133:13-72
233
234        <provider
234-->[androidx.work:work-runtime:2.7.1] AndroidManifest.xml:31:9-39:20
235            android:name="androidx.startup.InitializationProvider"
235-->[androidx.work:work-runtime:2.7.1] AndroidManifest.xml:32:13-67
236            android:authorities="com.twiliovoicereactnativereferenceapp.androidx-startup"
236-->[androidx.work:work-runtime:2.7.1] AndroidManifest.xml:33:13-68
237            android:exported="false" >
237-->[androidx.work:work-runtime:2.7.1] AndroidManifest.xml:34:13-37
238            <meta-data
238-->[androidx.work:work-runtime:2.7.1] AndroidManifest.xml:36:13-38:52
239                android:name="androidx.work.WorkManagerInitializer"
239-->[androidx.work:work-runtime:2.7.1] AndroidManifest.xml:37:17-68
240                android:value="androidx.startup" />
240-->[androidx.work:work-runtime:2.7.1] AndroidManifest.xml:38:17-49
241            <meta-data
241-->[androidx.emoji2:emoji2:1.0.0] AndroidManifest.xml:31:13-33:52
242                android:name="androidx.emoji2.text.EmojiCompatInitializer"
242-->[androidx.emoji2:emoji2:1.0.0] AndroidManifest.xml:32:17-75
243                android:value="androidx.startup" />
243-->[androidx.emoji2:emoji2:1.0.0] AndroidManifest.xml:33:17-49
244            <meta-data
244-->[androidx.lifecycle:lifecycle-process:2.4.0] AndroidManifest.xml:31:13-33:52
245                android:name="androidx.lifecycle.ProcessLifecycleInitializer"
245-->[androidx.lifecycle:lifecycle-process:2.4.0] AndroidManifest.xml:32:17-78
246                android:value="androidx.startup" />
246-->[androidx.lifecycle:lifecycle-process:2.4.0] AndroidManifest.xml:33:17-49
247        </provider>
248
249        <service
249-->[androidx.work:work-runtime:2.7.1] AndroidManifest.xml:41:9-46:35
250            android:name="androidx.work.impl.background.systemalarm.SystemAlarmService"
250-->[androidx.work:work-runtime:2.7.1] AndroidManifest.xml:42:13-88
251            android:directBootAware="false"
251-->[androidx.work:work-runtime:2.7.1] AndroidManifest.xml:43:13-44
252            android:enabled="@bool/enable_system_alarm_service_default"
252-->[androidx.work:work-runtime:2.7.1] AndroidManifest.xml:44:13-72
253            android:exported="false" />
253-->[androidx.work:work-runtime:2.7.1] AndroidManifest.xml:45:13-37
254        <service
254-->[androidx.work:work-runtime:2.7.1] AndroidManifest.xml:47:9-53:35
255            android:name="androidx.work.impl.background.systemjob.SystemJobService"
255-->[androidx.work:work-runtime:2.7.1] AndroidManifest.xml:48:13-84
256            android:directBootAware="false"
256-->[androidx.work:work-runtime:2.7.1] AndroidManifest.xml:49:13-44
257            android:enabled="@bool/enable_system_job_service_default"
257-->[androidx.work:work-runtime:2.7.1] AndroidManifest.xml:50:13-70
258            android:exported="true"
258-->[androidx.work:work-runtime:2.7.1] AndroidManifest.xml:51:13-36
259            android:permission="android.permission.BIND_JOB_SERVICE" />
259-->[androidx.work:work-runtime:2.7.1] AndroidManifest.xml:52:13-69
260        <service
260-->[androidx.work:work-runtime:2.7.1] AndroidManifest.xml:54:9-59:35
261            android:name="androidx.work.impl.foreground.SystemForegroundService"
261-->[androidx.work:work-runtime:2.7.1] AndroidManifest.xml:55:13-81
262            android:directBootAware="false"
262-->[androidx.work:work-runtime:2.7.1] AndroidManifest.xml:56:13-44
263            android:enabled="@bool/enable_system_foreground_service_default"
263-->[androidx.work:work-runtime:2.7.1] AndroidManifest.xml:57:13-77
264            android:exported="false" />
264-->[androidx.work:work-runtime:2.7.1] AndroidManifest.xml:58:13-37
265
266        <receiver
266-->[androidx.work:work-runtime:2.7.1] AndroidManifest.xml:61:9-66:35
267            android:name="androidx.work.impl.utils.ForceStopRunnable$BroadcastReceiver"
267-->[androidx.work:work-runtime:2.7.1] AndroidManifest.xml:62:13-88
268            android:directBootAware="false"
268-->[androidx.work:work-runtime:2.7.1] AndroidManifest.xml:63:13-44
269            android:enabled="true"
269-->[androidx.work:work-runtime:2.7.1] AndroidManifest.xml:64:13-35
270            android:exported="false" />
270-->[androidx.work:work-runtime:2.7.1] AndroidManifest.xml:65:13-37
271        <receiver
271-->[androidx.work:work-runtime:2.7.1] AndroidManifest.xml:67:9-77:20
272            android:name="androidx.work.impl.background.systemalarm.ConstraintProxy$BatteryChargingProxy"
272-->[androidx.work:work-runtime:2.7.1] AndroidManifest.xml:68:13-106
273            android:directBootAware="false"
273-->[androidx.work:work-runtime:2.7.1] AndroidManifest.xml:69:13-44
274            android:enabled="false"
274-->[androidx.work:work-runtime:2.7.1] AndroidManifest.xml:70:13-36
275            android:exported="false" >
275-->[androidx.work:work-runtime:2.7.1] AndroidManifest.xml:71:13-37
276            <intent-filter>
276-->[androidx.work:work-runtime:2.7.1] AndroidManifest.xml:73:13-76:29